{"/Users/joeldelarosa/Documents/coding/dockerprac/webpackApp/app/app.js": {"path":"/Users/joeldelarosa/Documents/coding/dockerprac/webpackApp/app/app.js","statementMap":{"0":{"start":{"line":13,"column":4},"end":{"line":20,"column":6}}},"fnMap":{"0":{"name":"(anonymous_0)","decl":{"start":{"line":12,"column":2},"end":{"line":12,"column":3}},"loc":{"start":{"line":12,"column":11},"end":{"line":21,"column":3}},"line":12}},"branchMap":{},"s":{"0":0},"f":{"0":0},"b":{}}
,"/Users/joeldelarosa/Documents/coding/dockerprac/webpackApp/app/entry.js": {"path":"/Users/joeldelarosa/Documents/coding/dockerprac/webpackApp/app/entry.js","statementMap":{"0":{"start":{"line":1,"column":12},"end":{"line":1,"column":28}},"1":{"start":{"line":2,"column":15},"end":{"line":2,"column":35}},"2":{"start":{"line":12,"column":0},"end":{"line":15,"column":1}}},"fnMap":{},"branchMap":{},"s":{"0":0,"1":0,"2":0},"f":{},"b":{}}
,"/Users/joeldelarosa/Documents/coding/dockerprac/webpackApp/app/ex.js": {"path":"/Users/joeldelarosa/Documents/coding/dockerprac/webpackApp/app/ex.js","statementMap":{"0":{"start":{"line":6,"column":4},"end":{"line":8,"column":6}}},"fnMap":{"0":{"name":"(anonymous_0)","decl":{"start":{"line":5,"column":2},"end":{"line":5,"column":3}},"loc":{"start":{"line":5,"column":11},"end":{"line":9,"column":3}},"line":5}},"branchMap":{},"s":{"0":0},"f":{"0":0},"b":{}}
,"/Users/joeldelarosa/Documents/coding/dockerprac/webpackApp/app/home.js": {"path":"/Users/joeldelarosa/Documents/coding/dockerprac/webpackApp/app/home.js","statementMap":{"0":{"start":{"line":8,"column":4},"end":{"line":16,"column":6}}},"fnMap":{"0":{"name":"(anonymous_0)","decl":{"start":{"line":7,"column":2},"end":{"line":7,"column":3}},"loc":{"start":{"line":7,"column":11},"end":{"line":17,"column":3}},"line":7}},"branchMap":{},"s":{"0":0},"f":{"0":0},"b":{}}
}
