TN:
SF:/Users/joeldelarosa/Documents/coding/dockerprac/webpackApp/app/app.js
FN:12,(anonymous_0)
FNF:1
FNH:0
FNDA:0,(anonymous_0)
DA:13,0
LF:1
LH:0
BRF:0
BRH:0
end_of_record
TN:
SF:/Users/joeldelarosa/Documents/coding/dockerprac/webpackApp/app/entry.js
FNF:0
FNH:0
DA:1,0
DA:2,0
DA:12,0
LF:3
LH:0
BRF:0
BRH:0
end_of_record
TN:
SF:/Users/joeldelarosa/Documents/coding/dockerprac/webpackApp/app/ex.js
FN:5,(anonymous_0)
FNF:1
FNH:0
FNDA:0,(anonymous_0)
DA:6,0
LF:1
LH:0
BRF:0
BRH:0
end_of_record
TN:
SF:/Users/joeldelarosa/Documents/coding/dockerprac/webpackApp/app/home.js
FN:7,(anonymous_0)
FNF:1
FNH:0
FNDA:0,(anonymous_0)
DA:8,0
LF:1
LH:0
BRF:0
BRH:0
end_of_record
